<?xml version="1.0" encoding="UTF-8"?>
<!-- Generated by org.testng.reporters.JUnitReportReporter -->
<testsuite hostname="LAPTOP-MKQIB3KR" failures="0" tests="1" name="com.Testpackage.Tc02_VerifyAlerttab" time="33.609" errors="0" timestamp="2022-11-22T19:16:28 IST" skipped="0">
  <testcase classname="com.Testpackage.Tc02_VerifyAlerttab" name="verifyAlettab" time="33.609"/>
  <system-out/>
</testsuite> <!-- com.Testpackage.Tc02_VerifyAlerttab -->
