<?xml version="1.0" encoding="UTF-8"?>
<!-- Generated by org.testng.reporters.JUnitReportReporter -->
<testsuite hostname="LAPTOP-MKQIB3KR" failures="0" tests="1" name="com.Testpackage.Tc01_Verifyinghomepage" time="31.211" errors="0" timestamp="2022-11-23T21:24:56 IST" skipped="0">
  <testcase classname="com.Testpackage.Tc01_Verifyinghomepage" name="verifyhomepage" time="31.211"/>
  <system-out/>
</testsuite> <!-- com.Testpackage.Tc01_Verifyinghomepage -->
