<?xml version="1.0" encoding="UTF-8"?>
<!-- Generated by org.testng.reporters.JUnitReportReporter -->
<testsuite hostname="LAPTOP-MKQIB3KR" failures="0" tests="1" name="com.Testpackage.Tc_02_Verifyfarmesbutton" time="14.232" errors="0" timestamp="2022-11-22T11:17:12 IST" skipped="0">
  <testcase classname="com.Testpackage.Tc_02_Verifyfarmesbutton" name="verifybuttons" time="14.232"/>
  <system-out/>
</testsuite> <!-- com.Testpackage.Tc_02_Verifyfarmesbutton -->
